<?xml version="1.0" encoding="UTF-8"?>
<!-- Generated by org.testng.reporters.JUnitReportReporter -->
<testsuite hostname="EPUAKYIW0209" failures="0" tests="1" name="testng.SendEstimationToEmailTest" time="26.814" errors="0" timestamp="2023-02-28T11:03:56 EET" skipped="0">
  <testcase classname="testng.SendEstimationToEmailTest" name="sendEstimationToEmail" time="26.814"/>
  <system-out/>
</testsuite> <!-- testng.SendEstimationToEmailTest -->
