<?xml version="1.0" encoding="UTF-8"?>
<!-- Generated by org.testng.reporters.JUnitReportReporter -->
<testsuite hostname="EPUAKYIW0209" failures="0" tests="7" name="testng.GoogleCloudTest" time="151.552" errors="0" timestamp="2023-02-03T17:13:27 EET" skipped="0">
  <testcase classname="testng.GoogleCloudTest" name="openPricingCalculator" time="39.287"/>
  <system-out/>
  <testcase classname="testng.GoogleCloudTest" name="fillCalculationForm" time="17.824"/>
  <system-out/>
  <testcase classname="testng.GoogleCloudTest" name="verifyProvisioningModel" time="16.316"/>
  <system-out/>
  <testcase classname="testng.GoogleCloudTest" name="verifyInstanceType" time="19.125"/>
  <system-out/>
  <testcase classname="testng.GoogleCloudTest" name="verifyRegion" time="23.784"/>
  <system-out/>
  <testcase classname="testng.GoogleCloudTest" name="verifyLocalSsd" time="17.828"/>
  <system-out/>
  <testcase classname="testng.GoogleCloudTest" name="verifyCalculatedCost" time="17.388"/>
  <system-out/>
</testsuite> <!-- testng.GoogleCloudTest -->
