<?xml version="1.0" encoding="UTF-8"?>
<!-- Generated by org.testng.reporters.JUnitReportReporter -->
<testsuite hostname="EPUALVIW05C3" failures="0" tests="1" name="testng.SendEstimationToEmailTest" time="17.372" errors="0" timestamp="2023-06-12T15:18:45 EEST" skipped="0">
  <testcase classname="testng.SendEstimationToEmailTest" name="sendEstimationToEmail" time="17.372"/>
  <system-out/>
</testsuite> <!-- testng.SendEstimationToEmailTest -->
